
~~~~~~~~~~~~~~~~~~~~~~~~~~~~~~~~~~~~~~~~~~~~~~~~~~~~~~~~~~~~~~~~~~~~~~~~~~~~~~~
a.out is a Catch v2.13.10 host application.
Run with -? for options

-------------------------------------------------------------------------------
Caso 0
-------------------------------------------------------------------------------
arvore.cpp:187
...............................................................................

arvore.cpp:194: FAILED:
  REQUIRE( saida == resultado )
with expansion:
  { 5 } == { 5, 3, 7 }

-------------------------------------------------------------------------------
Caso ER
-------------------------------------------------------------------------------
arvore.cpp:198
...............................................................................

arvore.cpp:205: FAILED:
  REQUIRE( saida == resultado )
with expansion:
  { 1 } == { 2, 1, 3 }

-------------------------------------------------------------------------------
Caso DR
-------------------------------------------------------------------------------
arvore.cpp:209
...............................................................................

arvore.cpp:216: FAILED:
  REQUIRE( saida == resultado )
with expansion:
  { 3 } == { 2, 1, 3 }

-------------------------------------------------------------------------------
Caso DR-ER
-------------------------------------------------------------------------------
arvore.cpp:220
...............................................................................

arvore.cpp:227: FAILED:
  REQUIRE( saida == resultado )
with expansion:
  { 5 } == { 7, 5, 10 }

-------------------------------------------------------------------------------
Caso ER-DR
-------------------------------------------------------------------------------
arvore.cpp:231
...............................................................................

arvore.cpp:238: FAILED:
  REQUIRE( saida == resultado )
with expansion:
  { 5 } == { 3, 1, 5 }

-------------------------------------------------------------------------------
Caso DEL 0
-------------------------------------------------------------------------------
arvore.cpp:242
...............................................................................

arvore.cpp:247: FAILED:
  REQUIRE( abb_vazio(a) == true )
with expansion:
  false == true

-------------------------------------------------------------------------------
Caso DEL 1
-------------------------------------------------------------------------------
arvore.cpp:251
...............................................................................

arvore.cpp:259: FAILED:
  REQUIRE( saida == resultado )
with expansion:
  { 4 } == { 6, 4, 7 }

-------------------------------------------------------------------------------
Caso simples sequencial
-------------------------------------------------------------------------------
arvore.cpp:263
...............................................................................

arvore.cpp:270: FAILED:
  REQUIRE( saida == resultado )
with expansion:
  { 1 } == { 4, 2, 1, 3, 6, 5, 7 }

-------------------------------------------------------------------------------
Caso Notas MIT 2008
-------------------------------------------------------------------------------
arvore.cpp:274
...............................................................................

arvore.cpp:281: FAILED:
  REQUIRE( saida == resultado )
with expansion:
  { 41 }
  ==
  { 41, 20, 11, 26, 23, 29, 55, 50, 65 }

-------------------------------------------------------------------------------
Caso N
-------------------------------------------------------------------------------
arvore.cpp:285
...............................................................................

arvore.cpp:296: FAILED:
  REQUIRE( saida == resultado )
with expansion:
  { 50 } == { 30, 26, 24, 28, 52, 50, 60 }

-------------------------------------------------------------------------------
Caso remove todos
-------------------------------------------------------------------------------
arvore.cpp:300
...............................................................................

arvore.cpp:314: FAILED:
  REQUIRE( saida == resultado )
with expansion:
  { 41 } == {  }

===============================================================================
test cases: 13 | 2 passed | 11 failed
assertions: 13 | 2 passed | 11 failed


ERRORS:
