
~~~~~~~~~~~~~~~~~~~~~~~~~~~~~~~~~~~~~~~~~~~~~~~~~~~~~~~~~~~~~~~~~~~~~~~~~~~~~~~
a.out is a Catch v2.13.3 host application.
Run with -? for options

-------------------------------------------------------------------------------
Teste vazio
-------------------------------------------------------------------------------
calculadora.cpp:171
...............................................................................

calculadora.cpp:174: FAILED:
  REQUIRE( c.fim() == false )
with expansion:
  true == false

-------------------------------------------------------------------------------
1 2
-------------------------------------------------------------------------------
calculadora.cpp:188
...............................................................................

calculadora.cpp:193: FAILED:
  REQUIRE( c.fim() == false )
with expansion:
  true == false

-------------------------------------------------------------------------------
1+ = erro
-------------------------------------------------------------------------------
calculadora.cpp:197
...............................................................................

calculadora.cpp:202: FAILED:
  REQUIRE( c.fim() == false )
with expansion:
  true == false

-------------------------------------------------------------------------------
3* = erro
-------------------------------------------------------------------------------
calculadora.cpp:206
...............................................................................

calculadora.cpp:210: FAILED:
  REQUIRE( c.fim() == false )
with expansion:
  true == false

-------------------------------------------------------------------------------
4+(1+2 = erro
-------------------------------------------------------------------------------
calculadora.cpp:286
...............................................................................

calculadora.cpp:286: FAILED:
due to a fatal error condition:
  SIGSEGV - Segmentation violation signal

===============================================================================
test cases: 14 |  9 passed | 5 failed
assertions: 23 | 18 passed | 5 failed

